{"/home/travis/build/npmtest/node-npmtest-rsvg/test.js":{"path":"/home/travis/build/npmtest/node-npmtest-rsvg/test.js","s":{"1":2,"2":2,"3":2,"4":2,"5":2,"6":2,"7":2,"8":1,"9":2,"10":2,"11":1,"12":1,"13":1,"14":1,"15":2,"16":2,"17":2,"18":2,"19":1,"20":1,"21":2,"22":2,"23":2,"24":1,"25":1,"26":1,"27":1,"28":1,"29":1,"30":1,"31":1,"32":1,"33":1,"34":1,"35":1,"36":1,"37":1,"38":1,"39":2,"40":2,"41":1,"42":2,"43":2,"44":1,"45":2,"46":2,"47":1,"48":2,"49":2,"50":1,"51":1,"52":1,"53":1,"54":1},"b":{"1":[2,1,1,1],"2":[1,1,1,1],"3":[1,1],"4":[1,1],"5":[1,1],"6":[1,1],"7":[1,1],"8":[1,1],"9":[1,1],"10":[1,1,1],"11":[1,1],"12":[1,1],"13":[1,1],"14":[1,1],"15":[1,1],"16":[1,1],"17":[1,1]},"f":{"1":2,"2":2,"3":2,"4":2,"5":2,"6":1,"7":1,"8":1,"9":2,"10":2,"11":2,"12":2,"13":1},"fnMap":{"1":{"name":"(anonymous_1)","line":12,"loc":{"start":{"line":12,"column":1},"end":{"line":12,"column":13}}},"2":{"name":"(anonymous_2)","line":19,"loc":{"start":{"line":19,"column":5},"end":{"line":19,"column":17}}},"3":{"name":"(anonymous_3)","line":23,"loc":{"start":{"line":23,"column":24},"end":{"line":23,"column":36}}},"4":{"name":"(anonymous_4)","line":61,"loc":{"start":{"line":61,"column":5},"end":{"line":61,"column":17}}},"5":{"name":"(anonymous_5)","line":82,"loc":{"start":{"line":82,"column":5},"end":{"line":82,"column":17}}},"6":{"name":"(anonymous_6)","line":91,"loc":{"start":{"line":91,"column":77},"end":{"line":94,"column":10}}},"7":{"name":"(anonymous_7)","line":112,"loc":{"start":{"line":112,"column":83},"end":{"line":115,"column":10}},"skip":true},"8":{"name":"(anonymous_8)","line":123,"loc":{"start":{"line":123,"column":77},"end":{"line":126,"column":10}},"skip":true},"9":{"name":"(anonymous_9)","line":139,"loc":{"start":{"line":139,"column":12},"end":{"line":139,"column":40}},"skip":true},"10":{"name":"(anonymous_10)","line":147,"loc":{"start":{"line":147,"column":77},"end":{"line":150,"column":10}},"skip":true},"11":{"name":"(anonymous_11)","line":158,"loc":{"start":{"line":158,"column":83},"end":{"line":161,"column":10}},"skip":true},"12":{"name":"(anonymous_12)","line":169,"loc":{"start":{"line":169,"column":79},"end":{"line":172,"column":10}},"skip":true},"13":{"name":"(anonymous_13)","line":180,"loc":{"start":{"line":180,"column":75},"end":{"line":183,"column":10}},"skip":true}},"statementMap":{"1":{"start":{"line":12,"column":0},"end":{"line":195,"column":5}},"2":{"start":{"line":14,"column":4},"end":{"line":14,"column":14}},"3":{"start":{"line":19,"column":4},"end":{"line":56,"column":9}},"4":{"start":{"line":21,"column":8},"end":{"line":21,"column":19}},"5":{"start":{"line":23,"column":8},"end":{"line":35,"column":13}},"6":{"start":{"line":24,"column":12},"end":{"line":34,"column":13}},"7":{"start":{"line":25,"column":16},"end":{"line":28,"column":30}},"8":{"start":{"line":30,"column":16},"end":{"line":33,"column":27}},"9":{"start":{"line":37,"column":8},"end":{"line":39,"column":21}},"10":{"start":{"line":40,"column":8},"end":{"line":53,"column":9}},"11":{"start":{"line":43,"column":12},"end":{"line":46,"column":14}},"12":{"start":{"line":47,"column":12},"end":{"line":47,"column":18}},"13":{"start":{"line":50,"column":12},"end":{"line":51,"column":33}},"14":{"start":{"line":52,"column":12},"end":{"line":52,"column":18}},"15":{"start":{"line":55,"column":8},"end":{"line":55,"column":35}},"16":{"start":{"line":61,"column":4},"end":{"line":63,"column":9}},"17":{"start":{"line":62,"column":8},"end":{"line":62,"column":15}},"18":{"start":{"line":64,"column":4},"end":{"line":77,"column":5}},"19":{"start":{"line":70,"column":8},"end":{"line":70,"column":14}},"20":{"start":{"line":76,"column":8},"end":{"line":76,"column":14}},"21":{"start":{"line":82,"column":4},"end":{"line":84,"column":9}},"22":{"start":{"line":83,"column":8},"end":{"line":83,"column":15}},"23":{"start":{"line":85,"column":4},"end":{"line":194,"column":5}},"24":{"start":{"line":91,"column":8},"end":{"line":99,"column":10}},"25":{"start":{"line":98,"column":12},"end":{"line":98,"column":35}},"26":{"start":{"line":102,"column":8},"end":{"line":104,"column":63}},"27":{"start":{"line":105,"column":8},"end":{"line":105,"column":14}},"28":{"start":{"line":112,"column":8},"end":{"line":121,"column":10},"skip":true},"29":{"start":{"line":119,"column":12},"end":{"line":119,"column":55},"skip":true},"30":{"start":{"line":120,"column":12},"end":{"line":120,"column":48},"skip":true},"31":{"start":{"line":123,"column":8},"end":{"line":136,"column":10},"skip":true},"32":{"start":{"line":130,"column":12},"end":{"line":130,"column":76},"skip":true},"33":{"start":{"line":131,"column":12},"end":{"line":131,"column":73},"skip":true},"34":{"start":{"line":132,"column":12},"end":{"line":132,"column":74},"skip":true},"35":{"start":{"line":133,"column":12},"end":{"line":133,"column":79},"skip":true},"36":{"start":{"line":134,"column":12},"end":{"line":134,"column":25},"skip":true},"37":{"start":{"line":135,"column":12},"end":{"line":135,"column":45},"skip":true},"38":{"start":{"line":138,"column":8},"end":{"line":145,"column":14},"skip":true},"39":{"start":{"line":143,"column":16},"end":{"line":143,"column":29},"skip":true},"40":{"start":{"line":144,"column":16},"end":{"line":144,"column":55},"skip":true},"41":{"start":{"line":147,"column":8},"end":{"line":156,"column":10},"skip":true},"42":{"start":{"line":154,"column":12},"end":{"line":154,"column":25},"skip":true},"43":{"start":{"line":155,"column":12},"end":{"line":155,"column":45},"skip":true},"44":{"start":{"line":158,"column":8},"end":{"line":167,"column":10},"skip":true},"45":{"start":{"line":165,"column":12},"end":{"line":165,"column":25},"skip":true},"46":{"start":{"line":166,"column":12},"end":{"line":166,"column":48},"skip":true},"47":{"start":{"line":169,"column":8},"end":{"line":178,"column":10},"skip":true},"48":{"start":{"line":176,"column":12},"end":{"line":176,"column":25},"skip":true},"49":{"start":{"line":177,"column":12},"end":{"line":177,"column":46},"skip":true},"50":{"start":{"line":180,"column":8},"end":{"line":189,"column":10},"skip":true},"51":{"start":{"line":187,"column":12},"end":{"line":187,"column":94},"skip":true},"52":{"start":{"line":188,"column":12},"end":{"line":188,"column":48},"skip":true},"53":{"start":{"line":192,"column":8},"end":{"line":192,"column":35},"skip":true},"54":{"start":{"line":193,"column":8},"end":{"line":193,"column":14},"skip":true}},"branchMap":{"1":{"line":25,"type":"binary-expr","locations":[{"start":{"line":25,"column":23},"end":{"line":25,"column":62}},{"start":{"line":26,"column":20},"end":{"line":26,"column":70}},{"start":{"line":27,"column":20},"end":{"line":27,"column":71}},{"start":{"line":28,"column":20},"end":{"line":28,"column":29}}]},"2":{"line":30,"type":"binary-expr","locations":[{"start":{"line":30,"column":23},"end":{"line":30,"column":37}},{"start":{"line":31,"column":20},"end":{"line":31,"column":61}},{"start":{"line":32,"column":20},"end":{"line":32,"column":70}},{"start":{"line":33,"column":20},"end":{"line":33,"column":26}}]},"3":{"line":37,"type":"cond-expr","locations":[{"start":{"line":38,"column":14},"end":{"line":38,"column":20}},{"start":{"line":39,"column":14},"end":{"line":39,"column":20}}]},"4":{"line":40,"type":"switch","locations":[{"start":{"line":42,"column":8},"end":{"line":47,"column":18}},{"start":{"line":49,"column":8},"end":{"line":52,"column":18}}]},"5":{"line":44,"type":"binary-expr","locations":[{"start":{"line":44,"column":16},"end":{"line":44,"column":44}},{"start":{"line":44,"column":48},"end":{"line":44,"column":66}}]},"6":{"line":50,"type":"binary-expr","locations":[{"start":{"line":50,"column":21},"end":{"line":50,"column":49}},{"start":{"line":50,"column":53},"end":{"line":50,"column":72}}]},"7":{"line":64,"type":"switch","locations":[{"start":{"line":69,"column":4},"end":{"line":70,"column":14}},{"start":{"line":75,"column":4},"end":{"line":76,"column":14}}]},"8":{"line":85,"type":"switch","locations":[{"start":{"line":90,"column":4},"end":{"line":105,"column":14}},{"start":{"line":111,"column":4},"end":{"line":193,"column":14},"skip":true}]},"9":{"line":91,"type":"binary-expr","locations":[{"start":{"line":91,"column":42},"end":{"line":91,"column":73}},{"start":{"line":91,"column":77},"end":{"line":99,"column":9}}]},"10":{"line":102,"type":"binary-expr","locations":[{"start":{"line":102,"column":18},"end":{"line":102,"column":32}},{"start":{"line":103,"column":12},"end":{"line":103,"column":53}},{"start":{"line":104,"column":12},"end":{"line":104,"column":61}}]},"11":{"line":112,"type":"binary-expr","locations":[{"start":{"line":112,"column":45},"end":{"line":112,"column":79},"skip":true},{"start":{"line":112,"column":83},"end":{"line":121,"column":9},"skip":true}]},"12":{"line":123,"type":"binary-expr","locations":[{"start":{"line":123,"column":42},"end":{"line":123,"column":73},"skip":true},{"start":{"line":123,"column":77},"end":{"line":136,"column":9},"skip":true}]},"13":{"line":138,"type":"binary-expr","locations":[{"start":{"line":138,"column":48},"end":{"line":138,"column":85},"skip":true},{"start":{"line":139,"column":12},"end":{"line":145,"column":13},"skip":true}]},"14":{"line":147,"type":"binary-expr","locations":[{"start":{"line":147,"column":42},"end":{"line":147,"column":73},"skip":true},{"start":{"line":147,"column":77},"end":{"line":156,"column":9},"skip":true}]},"15":{"line":158,"type":"binary-expr","locations":[{"start":{"line":158,"column":45},"end":{"line":158,"column":79},"skip":true},{"start":{"line":158,"column":83},"end":{"line":167,"column":9},"skip":true}]},"16":{"line":169,"type":"binary-expr","locations":[{"start":{"line":169,"column":43},"end":{"line":169,"column":75},"skip":true},{"start":{"line":169,"column":79},"end":{"line":178,"column":9},"skip":true}]},"17":{"line":180,"type":"binary-expr","locations":[{"start":{"line":180,"column":41},"end":{"line":180,"column":71},"skip":true},{"start":{"line":180,"column":75},"end":{"line":189,"column":9},"skip":true}]}},"code":["/* istanbul instrument in package npmtest_rsvg */","/*jslint","    bitwise: true,","    browser: true,","    maxerr: 8,","    maxlen: 96,","    node: true,","    nomen: true,","    regexp: true,","    stupid: true","*/","(function () {","    'use strict';","    var local;","","","","    // run shared js-env code - pre-init","    (function () {","        // init local","        local = {};","        // init modeJs","        local.modeJs = (function () {","            try {","                return typeof navigator.userAgent === 'string' &&","                    typeof document.querySelector('body') === 'object' &&","                    typeof XMLHttpRequest.prototype.open === 'function' &&","                    'browser';","            } catch (errorCaughtBrowser) {","                return module.exports &&","                    typeof process.versions.node === 'string' &&","                    typeof require('http').createServer === 'function' &&","                    'node';","            }","        }());","        // init global","        local.global = local.modeJs === 'browser'","            ? window","            : global;","        switch (local.modeJs) {","        // re-init local from window.local","        case 'browser':","            local = local.global.utility2.objectSetDefault(","                local.global.utility2_rollup || local.global.local,","                local.global.utility2","            );","            break;","        // re-init local from example.js","        case 'node':","            local = (local.global.utility2_rollup || require('utility2'))","                .requireReadme();","            break;","        }","        // export local","        local.global.local = local;","    }());","","","","    // run shared js-env code - function","    (function () {","        return;","    }());","    switch (local.modeJs) {","","","","    // run browser js-env code - function","    case 'browser':","        break;","","","","    // run node js-env code - function","    case 'node':","        break;","    }","","","","    // run shared js-env code - post-init","    (function () {","        return;","    }());","    switch (local.modeJs) {","","","","    // run browser js-env code - post-init","    case 'browser':","        local.testCase_browser_nullCase = local.testCase_browser_nullCase || function (","            options,","            onError","        ) {","        /*","         * this function will test browsers's null-case handling-behavior-behavior","         */","            onError(null, options);","        };","","        // run tests","        local.nop(local.modeTest &&","            document.querySelector('#testRunButton1') &&","            document.querySelector('#testRunButton1').click());","        break;","","","","    // run node js-env code - post-init","    /* istanbul ignore next */","    case 'node':","        local.testCase_buildApidoc_default = local.testCase_buildApidoc_default || function (","            options,","            onError","        ) {","        /*","         * this function will test buildApidoc's default handling-behavior-behavior","         */","            options = { modulePathList: module.paths };","            local.buildApidoc(options, onError);","        };","","        local.testCase_buildApp_default = local.testCase_buildApp_default || function (","            options,","            onError","        ) {","        /*","         * this function will test buildApp's default handling-behavior-behavior","         */","            local.testCase_buildReadme_default(options, local.onErrorThrow);","            local.testCase_buildLib_default(options, local.onErrorThrow);","            local.testCase_buildTest_default(options, local.onErrorThrow);","            local.testCase_buildCustomOrg_default(options, local.onErrorThrow);","            options = [];","            local.buildApp(options, onError);","        };","","        local.testCase_buildCustomOrg_default = local.testCase_buildCustomOrg_default ||","            function (options, onError) {","            /*","             * this function will test buildCustomOrg's default handling-behavior","             */","                options = {};","                local.buildCustomOrg(options, onError);","            };","","        local.testCase_buildLib_default = local.testCase_buildLib_default || function (","            options,","            onError","        ) {","        /*","         * this function will test buildLib's default handling-behavior","         */","            options = {};","            local.buildLib(options, onError);","        };","","        local.testCase_buildReadme_default = local.testCase_buildReadme_default || function (","            options,","            onError","        ) {","        /*","         * this function will test buildReadme's default handling-behavior-behavior","         */","            options = {};","            local.buildReadme(options, onError);","        };","","        local.testCase_buildTest_default = local.testCase_buildTest_default || function (","            options,","            onError","        ) {","        /*","         * this function will test buildTest's default handling-behavior","         */","            options = {};","            local.buildTest(options, onError);","        };","","        local.testCase_webpage_default = local.testCase_webpage_default || function (","            options,","            onError","        ) {","        /*","         * this function will test webpage's default handling-behavior","         */","            options = { modeCoverageMerge: true, url: local.serverLocalHost + '?modeTest=1' };","            local.browserTest(options, onError);","        };","","        // run test-server","        local.testRunServer(local);","        break;","    }","}());",""],"l":{"12":2,"14":2,"19":2,"21":2,"23":2,"24":2,"25":2,"30":1,"37":2,"40":2,"43":1,"47":1,"50":1,"52":1,"55":2,"61":2,"62":2,"64":2,"70":1,"76":1,"82":2,"83":2,"85":2,"91":1,"98":1,"102":1,"105":1,"112":1,"119":1,"120":1,"123":1,"130":1,"131":1,"132":1,"133":1,"134":1,"135":1,"138":1,"143":2,"144":2,"147":1,"154":2,"155":2,"158":1,"165":2,"166":2,"169":1,"176":2,"177":2,"180":1,"187":1,"188":1,"192":1,"193":1}},"/home/travis/build/npmtest/node-npmtest-rsvg/lib.npmtest_rsvg.js":{"path":"/home/travis/build/npmtest/node-npmtest-rsvg/lib.npmtest_rsvg.js","s":{"1":2,"2":2,"3":2,"4":2,"5":2,"6":2,"7":2,"8":1,"9":2,"10":2,"11":2,"12":2,"13":1,"14":1,"15":1,"16":1},"b":{"1":[2,1,1,1],"2":[1,1,1,1],"3":[1,1],"4":[2,2],"5":[1,1]},"f":{"1":2,"2":2,"3":2},"fnMap":{"1":{"name":"(anonymous_1)","line":12,"loc":{"start":{"line":12,"column":1},"end":{"line":12,"column":13}}},"2":{"name":"(anonymous_2)","line":19,"loc":{"start":{"line":19,"column":5},"end":{"line":19,"column":17}}},"3":{"name":"(anonymous_3)","line":23,"loc":{"start":{"line":23,"column":24},"end":{"line":23,"column":36}}}},"statementMap":{"1":{"start":{"line":12,"column":0},"end":{"line":53,"column":5}},"2":{"start":{"line":14,"column":4},"end":{"line":14,"column":14}},"3":{"start":{"line":19,"column":4},"end":{"line":52,"column":9}},"4":{"start":{"line":21,"column":8},"end":{"line":21,"column":19}},"5":{"start":{"line":23,"column":8},"end":{"line":35,"column":13}},"6":{"start":{"line":24,"column":12},"end":{"line":34,"column":13}},"7":{"start":{"line":25,"column":16},"end":{"line":28,"column":30}},"8":{"start":{"line":30,"column":16},"end":{"line":33,"column":27}},"9":{"start":{"line":37,"column":8},"end":{"line":39,"column":21}},"10":{"start":{"line":41,"column":8},"end":{"line":41,"column":54}},"11":{"start":{"line":43,"column":8},"end":{"line":43,"column":49}},"12":{"start":{"line":45,"column":8},"end":{"line":51,"column":9}},"13":{"start":{"line":46,"column":12},"end":{"line":46,"column":55}},"14":{"start":{"line":48,"column":12},"end":{"line":48,"column":35}},"15":{"start":{"line":49,"column":12},"end":{"line":49,"column":49}},"16":{"start":{"line":50,"column":12},"end":{"line":50,"column":43}}},"branchMap":{"1":{"line":25,"type":"binary-expr","locations":[{"start":{"line":25,"column":23},"end":{"line":25,"column":62}},{"start":{"line":26,"column":20},"end":{"line":26,"column":70}},{"start":{"line":27,"column":20},"end":{"line":27,"column":71}},{"start":{"line":28,"column":20},"end":{"line":28,"column":29}}]},"2":{"line":30,"type":"binary-expr","locations":[{"start":{"line":30,"column":23},"end":{"line":30,"column":37}},{"start":{"line":31,"column":20},"end":{"line":31,"column":61}},{"start":{"line":32,"column":20},"end":{"line":32,"column":70}},{"start":{"line":33,"column":20},"end":{"line":33,"column":26}}]},"3":{"line":37,"type":"cond-expr","locations":[{"start":{"line":38,"column":14},"end":{"line":38,"column":20}},{"start":{"line":39,"column":14},"end":{"line":39,"column":20}}]},"4":{"line":41,"type":"binary-expr","locations":[{"start":{"line":41,"column":16},"end":{"line":41,"column":44}},{"start":{"line":41,"column":48},"end":{"line":41,"column":53}}]},"5":{"line":45,"type":"if","locations":[{"start":{"line":45,"column":8},"end":{"line":45,"column":8}},{"start":{"line":45,"column":8},"end":{"line":45,"column":8}}]}},"code":["/* istanbul instrument in package npmtest_rsvg */","/*jslint","    bitwise: true,","    browser: true,","    maxerr: 8,","    maxlen: 96,","    node: true,","    nomen: true,","    regexp: true,","    stupid: true","*/","(function () {","    'use strict';","    var local;","","","","    // run shared js-env code - pre-init","    (function () {","        // init local","        local = {};","        // init modeJs","        local.modeJs = (function () {","            try {","                return typeof navigator.userAgent === 'string' &&","                    typeof document.querySelector('body') === 'object' &&","                    typeof XMLHttpRequest.prototype.open === 'function' &&","                    'browser';","            } catch (errorCaughtBrowser) {","                return module.exports &&","                    typeof process.versions.node === 'string' &&","                    typeof require('http').createServer === 'function' &&","                    'node';","            }","        }());","        // init global","        local.global = local.modeJs === 'browser'","            ? window","            : global;","        // init utility2_rollup","        local = local.global.utility2_rollup || local;","        // init lib","        local.local = local.npmtest_rsvg = local;","        // init exports","        if (local.modeJs === 'browser') {","            local.global.utility2_npmtest_rsvg = local;","        } else {","            module.exports = local;","            module.exports.__dirname = __dirname;","            module.exports.module = module;","        }","    }());","}());",""],"l":{"12":2,"14":2,"19":2,"21":2,"23":2,"24":2,"25":2,"30":1,"37":2,"41":2,"43":2,"45":2,"46":1,"48":1,"49":1,"50":1}},"/home/travis/build/npmtest/node-npmtest-rsvg/example.js":{"path":"/home/travis/build/npmtest/node-npmtest-rsvg/example.js","s":{"1":2,"2":2,"3":2,"4":2,"5":2,"6":2,"7":2,"8":1,"9":2,"10":2,"11":2,"12":2,"13":1,"14":2,"15":2,"16":2,"17":2,"18":2,"19":0,"20":2,"21":1,"22":1,"23":1,"24":1,"25":1,"26":0,"27":0,"28":1,"29":1,"30":2,"31":0,"32":0,"33":0,"34":1,"35":2,"36":2,"37":3,"38":3,"39":3,"40":3,"41":0,"42":3,"43":3,"44":3,"45":1,"46":3,"47":1,"48":1,"49":1,"50":1,"51":1,"52":1,"53":1,"54":1,"55":1,"56":1,"57":0,"58":1,"59":6,"60":6,"61":1,"62":2,"63":0,"64":2,"65":1,"66":1,"67":0,"68":0,"69":0,"70":0,"71":0,"72":0,"73":0,"74":0,"75":0,"76":0,"77":0,"78":0,"79":0,"80":0,"81":0,"82":0,"83":0},"b":{"1":[2,1,1,1],"2":[1,1,1,1],"3":[1,1],"4":[2,2],"5":[1,1],"6":[1,1],"7":[2,0],"8":[2,1,1,1,1,1],"9":[0,2,0],"10":[1,1],"11":[2,1,1],"12":[1,0],"13":[0,2],"14":[2,0,0,0,0,0,0],"15":[0,3],"16":[3,0],"17":[1,1],"18":[0,1],"19":[1,2,0,2],"20":[1,0],"21":[1,1],"22":[0,0],"23":[0,0],"24":[0,0],"25":[0,0],"26":[0,0],"27":[0,0],"28":[0,0]},"f":{"1":2,"2":2,"3":2,"4":2,"5":2,"6":2,"7":3,"8":3,"9":3,"10":1,"11":6,"12":0},"fnMap":{"1":{"name":"(anonymous_1)","line":26,"loc":{"start":{"line":26,"column":1},"end":{"line":26,"column":13}}},"2":{"name":"(anonymous_2)","line":33,"loc":{"start":{"line":33,"column":5},"end":{"line":33,"column":17}}},"3":{"name":"(anonymous_3)","line":37,"loc":{"start":{"line":37,"column":24},"end":{"line":37,"column":36}}},"4":{"name":"(anonymous_4)","line":69,"loc":{"start":{"line":69,"column":31},"end":{"line":69,"column":48}},"skip":true},"5":{"name":"(anonymous_5)","line":78,"loc":{"start":{"line":78,"column":26},"end":{"line":78,"column":45}},"skip":true},"6":{"name":"(anonymous_6)","line":123,"loc":{"start":{"line":123,"column":33},"end":{"line":123,"column":48}},"skip":true},"7":{"name":"(anonymous_7)","line":125,"loc":{"start":{"line":125,"column":27},"end":{"line":125,"column":39}},"skip":true},"8":{"name":"(anonymous_8)","line":133,"loc":{"start":{"line":133,"column":59},"end":{"line":133,"column":74}},"skip":true},"9":{"name":"(anonymous_9)","line":143,"loc":{"start":{"line":143,"column":45},"end":{"line":143,"column":62}},"skip":true},"10":{"name":"(anonymous_10)","line":144,"loc":{"start":{"line":144,"column":73},"end":{"line":144,"column":92}},"skip":true},"11":{"name":"(anonymous_11)","line":272,"loc":{"start":{"line":272,"column":51},"end":{"line":272,"column":77}},"skip":true},"12":{"name":"(anonymous_12)","line":315,"loc":{"start":{"line":315,"column":32},"end":{"line":315,"column":61}},"skip":true}},"statementMap":{"1":{"start":{"line":26,"column":0},"end":{"line":326,"column":5}},"2":{"start":{"line":28,"column":4},"end":{"line":28,"column":14}},"3":{"start":{"line":33,"column":4},"end":{"line":60,"column":9}},"4":{"start":{"line":35,"column":8},"end":{"line":35,"column":19}},"5":{"start":{"line":37,"column":8},"end":{"line":49,"column":13}},"6":{"start":{"line":38,"column":12},"end":{"line":48,"column":13}},"7":{"start":{"line":39,"column":16},"end":{"line":42,"column":30}},"8":{"start":{"line":44,"column":16},"end":{"line":47,"column":27}},"9":{"start":{"line":51,"column":8},"end":{"line":53,"column":21}},"10":{"start":{"line":55,"column":8},"end":{"line":57,"column":45}},"11":{"start":{"line":59,"column":8},"end":{"line":59,"column":35}},"12":{"start":{"line":61,"column":4},"end":{"line":325,"column":5}},"13":{"start":{"line":69,"column":8},"end":{"line":121,"column":10},"skip":true},"14":{"start":{"line":70,"column":12},"end":{"line":88,"column":13},"skip":true},"15":{"start":{"line":76,"column":16},"end":{"line":87,"column":19},"skip":true},"16":{"start":{"line":79,"column":20},"end":{"line":86,"column":21},"skip":true},"17":{"start":{"line":82,"column":24},"end":{"line":82,"column":43},"skip":true},"18":{"start":{"line":83,"column":24},"end":{"line":83,"column":30},"skip":true},"19":{"start":{"line":85,"column":24},"end":{"line":85,"column":49},"skip":true},"20":{"start":{"line":89,"column":12},"end":{"line":107,"column":13},"skip":true},"21":{"start":{"line":92,"column":16},"end":{"line":102,"column":17},"skip":true},"22":{"start":{"line":93,"column":20},"end":{"line":93,"column":86},"skip":true},"23":{"start":{"line":94,"column":20},"end":{"line":95,"column":45},"skip":true},"24":{"start":{"line":96,"column":20},"end":{"line":96,"column":42},"skip":true},"25":{"start":{"line":97,"column":20},"end":{"line":97,"column":48},"skip":true},"26":{"start":{"line":100,"column":20},"end":{"line":100,"column":85},"skip":true},"27":{"start":{"line":101,"column":20},"end":{"line":101,"column":96},"skip":true},"28":{"start":{"line":103,"column":16},"end":{"line":103,"column":22},"skip":true},"29":{"start":{"line":106,"column":16},"end":{"line":106,"column":22},"skip":true},"30":{"start":{"line":108,"column":12},"end":{"line":120,"column":13},"skip":true},"31":{"start":{"line":114,"column":16},"end":{"line":119,"column":17},"skip":true},"32":{"start":{"line":116,"column":20},"end":{"line":116,"column":78},"skip":true},"33":{"start":{"line":118,"column":20},"end":{"line":118,"column":47},"skip":true},"34":{"start":{"line":123,"column":8},"end":{"line":141,"column":11},"skip":true},"35":{"start":{"line":124,"column":12},"end":{"line":124,"column":54},"skip":true},"36":{"start":{"line":125,"column":12},"end":{"line":140,"column":14},"skip":true},"37":{"start":{"line":126,"column":16},"end":{"line":126,"column":28},"skip":true},"38":{"start":{"line":127,"column":16},"end":{"line":127,"column":69},"skip":true},"39":{"start":{"line":128,"column":16},"end":{"line":128,"column":75},"skip":true},"40":{"start":{"line":129,"column":16},"end":{"line":131,"column":17},"skip":true},"41":{"start":{"line":130,"column":20},"end":{"line":130,"column":27},"skip":true},"42":{"start":{"line":133,"column":16},"end":{"line":137,"column":36},"skip":true},"43":{"start":{"line":134,"column":20},"end":{"line":136,"column":55},"skip":true},"44":{"start":{"line":139,"column":16},"end":{"line":139,"column":57},"skip":true},"45":{"start":{"line":143,"column":8},"end":{"line":147,"column":11},"skip":true},"46":{"start":{"line":144,"column":12},"end":{"line":146,"column":15},"skip":true},"47":{"start":{"line":145,"column":16},"end":{"line":145,"column":70},"skip":true},"48":{"start":{"line":149,"column":8},"end":{"line":149,"column":31},"skip":true},"49":{"start":{"line":150,"column":8},"end":{"line":150,"column":14},"skip":true},"50":{"start":{"line":158,"column":8},"end":{"line":158,"column":31},"skip":true},"51":{"start":{"line":160,"column":8},"end":{"line":160,"column":33},"skip":true},"52":{"start":{"line":161,"column":8},"end":{"line":161,"column":37},"skip":true},"53":{"start":{"line":162,"column":8},"end":{"line":162,"column":35},"skip":true},"54":{"start":{"line":164,"column":8},"end":{"line":164,"column":50},"skip":true},"55":{"start":{"line":166,"column":8},"end":{"line":256,"column":2},"skip":true},"56":{"start":{"line":258,"column":8},"end":{"line":286,"column":9},"skip":true},"57":{"start":{"line":259,"column":12},"end":{"line":269,"column":14},"skip":true},"58":{"start":{"line":271,"column":12},"end":{"line":285,"column":19},"skip":true},"59":{"start":{"line":274,"column":20},"end":{"line":274,"column":35},"skip":true},"60":{"start":{"line":275,"column":20},"end":{"line":284,"column":21},"skip":true},"61":{"start":{"line":277,"column":24},"end":{"line":277,"column":64},"skip":true},"62":{"start":{"line":279,"column":24},"end":{"line":279,"column":40},"skip":true},"63":{"start":{"line":281,"column":24},"end":{"line":281,"column":40},"skip":true},"64":{"start":{"line":283,"column":24},"end":{"line":283,"column":39},"skip":true},"65":{"start":{"line":288,"column":8},"end":{"line":290,"column":9},"skip":true},"66":{"start":{"line":289,"column":12},"end":{"line":289,"column":18},"skip":true},"67":{"start":{"line":291,"column":8},"end":{"line":293,"column":54},"skip":true},"68":{"start":{"line":296,"column":8},"end":{"line":301,"column":37},"skip":true},"69":{"start":{"line":303,"column":8},"end":{"line":303,"column":82},"skip":true},"70":{"start":{"line":306,"column":8},"end":{"line":308,"column":9},"skip":true},"71":{"start":{"line":307,"column":12},"end":{"line":307,"column":82},"skip":true},"72":{"start":{"line":310,"column":8},"end":{"line":312,"column":9},"skip":true},"73":{"start":{"line":311,"column":12},"end":{"line":311,"column":18},"skip":true},"74":{"start":{"line":313,"column":8},"end":{"line":313,"column":54},"skip":true},"75":{"start":{"line":314,"column":8},"end":{"line":314,"column":69},"skip":true},"76":{"start":{"line":315,"column":8},"end":{"line":323,"column":36},"skip":true},"77":{"start":{"line":316,"column":12},"end":{"line":316,"column":61},"skip":true},"78":{"start":{"line":317,"column":12},"end":{"line":320,"column":13},"skip":true},"79":{"start":{"line":318,"column":16},"end":{"line":318,"column":75},"skip":true},"80":{"start":{"line":319,"column":16},"end":{"line":319,"column":23},"skip":true},"81":{"start":{"line":321,"column":12},"end":{"line":321,"column":38},"skip":true},"82":{"start":{"line":322,"column":12},"end":{"line":322,"column":27},"skip":true},"83":{"start":{"line":324,"column":8},"end":{"line":324,"column":14},"skip":true}},"branchMap":{"1":{"line":39,"type":"binary-expr","locations":[{"start":{"line":39,"column":23},"end":{"line":39,"column":62}},{"start":{"line":40,"column":20},"end":{"line":40,"column":70}},{"start":{"line":41,"column":20},"end":{"line":41,"column":71}},{"start":{"line":42,"column":20},"end":{"line":42,"column":29}}]},"2":{"line":44,"type":"binary-expr","locations":[{"start":{"line":44,"column":23},"end":{"line":44,"column":37}},{"start":{"line":45,"column":20},"end":{"line":45,"column":61}},{"start":{"line":46,"column":20},"end":{"line":46,"column":70}},{"start":{"line":47,"column":20},"end":{"line":47,"column":26}}]},"3":{"line":51,"type":"cond-expr","locations":[{"start":{"line":52,"column":14},"end":{"line":52,"column":20}},{"start":{"line":53,"column":14},"end":{"line":53,"column":20}}]},"4":{"line":55,"type":"binary-expr","locations":[{"start":{"line":55,"column":16},"end":{"line":55,"column":44}},{"start":{"line":55,"column":49},"end":{"line":57,"column":43}}]},"5":{"line":55,"type":"cond-expr","locations":[{"start":{"line":56,"column":14},"end":{"line":56,"column":48}},{"start":{"line":57,"column":14},"end":{"line":57,"column":43}}]},"6":{"line":61,"type":"switch","locations":[{"start":{"line":68,"column":4},"end":{"line":150,"column":14},"skip":true},{"start":{"line":156,"column":4},"end":{"line":324,"column":14},"skip":true}]},"7":{"line":70,"type":"if","locations":[{"start":{"line":70,"column":12},"end":{"line":70,"column":12},"skip":true},{"start":{"line":70,"column":12},"end":{"line":70,"column":12},"skip":true}]},"8":{"line":70,"type":"binary-expr","locations":[{"start":{"line":70,"column":16},"end":{"line":70,"column":22},"skip":true},{"start":{"line":70,"column":27},"end":{"line":70,"column":32},"skip":true},{"start":{"line":71,"column":20},"end":{"line":71,"column":39},"skip":true},{"start":{"line":72,"column":20},"end":{"line":72,"column":49},"skip":true},{"start":{"line":73,"column":20},"end":{"line":73,"column":58},"skip":true},{"start":{"line":74,"column":20},"end":{"line":74,"column":69},"skip":true}]},"9":{"line":79,"type":"switch","locations":[{"start":{"line":80,"column":20},"end":{"line":80,"column":33},"skip":true},{"start":{"line":81,"column":20},"end":{"line":83,"column":30},"skip":true},{"start":{"line":84,"column":20},"end":{"line":85,"column":49},"skip":true}]},"10":{"line":89,"type":"switch","locations":[{"start":{"line":90,"column":12},"end":{"line":103,"column":22},"skip":true},{"start":{"line":105,"column":12},"end":{"line":106,"column":22},"skip":true}]},"11":{"line":89,"type":"binary-expr","locations":[{"start":{"line":89,"column":20},"end":{"line":89,"column":25},"skip":true},{"start":{"line":89,"column":29},"end":{"line":89,"column":48},"skip":true},{"start":{"line":89,"column":52},"end":{"line":89,"column":74},"skip":true}]},"12":{"line":92,"type":"if","locations":[{"start":{"line":92,"column":16},"end":{"line":92,"column":16},"skip":true},{"start":{"line":92,"column":16},"end":{"line":92,"column":16},"skip":true}]},"13":{"line":108,"type":"if","locations":[{"start":{"line":108,"column":12},"end":{"line":108,"column":12},"skip":true},{"start":{"line":108,"column":12},"end":{"line":108,"column":12},"skip":true}]},"14":{"line":108,"type":"binary-expr","locations":[{"start":{"line":108,"column":16},"end":{"line":108,"column":61},"skip":true},{"start":{"line":108,"column":66},"end":{"line":108,"column":72},"skip":true},{"start":{"line":108,"column":77},"end":{"line":108,"column":82},"skip":true},{"start":{"line":109,"column":20},"end":{"line":109,"column":39},"skip":true},{"start":{"line":110,"column":20},"end":{"line":110,"column":49},"skip":true},{"start":{"line":111,"column":20},"end":{"line":111,"column":58},"skip":true},{"start":{"line":112,"column":20},"end":{"line":112,"column":68},"skip":true}]},"15":{"line":129,"type":"if","locations":[{"start":{"line":129,"column":16},"end":{"line":129,"column":16},"skip":true},{"start":{"line":129,"column":16},"end":{"line":129,"column":16},"skip":true}]},"16":{"line":134,"type":"cond-expr","locations":[{"start":{"line":135,"column":26},"end":{"line":135,"column":29},"skip":true},{"start":{"line":136,"column":26},"end":{"line":136,"column":54},"skip":true}]},"17":{"line":164,"type":"binary-expr","locations":[{"start":{"line":164,"column":27},"end":{"line":164,"column":43},"skip":true},{"start":{"line":164,"column":47},"end":{"line":164,"column":49},"skip":true}]},"18":{"line":258,"type":"if","locations":[{"start":{"line":258,"column":8},"end":{"line":258,"column":8},"skip":true},{"start":{"line":258,"column":8},"end":{"line":258,"column":8},"skip":true}]},"19":{"line":275,"type":"switch","locations":[{"start":{"line":276,"column":20},"end":{"line":277,"column":64},"skip":true},{"start":{"line":278,"column":20},"end":{"line":279,"column":40},"skip":true},{"start":{"line":280,"column":20},"end":{"line":281,"column":40},"skip":true},{"start":{"line":282,"column":20},"end":{"line":283,"column":39},"skip":true}]},"20":{"line":288,"type":"if","locations":[{"start":{"line":288,"column":8},"end":{"line":288,"column":8},"skip":true},{"start":{"line":288,"column":8},"end":{"line":288,"column":8},"skip":true}]},"21":{"line":288,"type":"binary-expr","locations":[{"start":{"line":288,"column":12},"end":{"line":288,"column":40},"skip":true},{"start":{"line":288,"column":44},"end":{"line":288,"column":67},"skip":true}]},"22":{"line":292,"type":"binary-expr","locations":[{"start":{"line":292,"column":12},"end":{"line":292,"column":50},"skip":true},{"start":{"line":293,"column":12},"end":{"line":293,"column":53},"skip":true}]},"23":{"line":297,"type":"binary-expr","locations":[{"start":{"line":297,"column":12},"end":{"line":297,"column":62},"skip":true},{"start":{"line":298,"column":12},"end":{"line":301,"column":36},"skip":true}]},"24":{"line":303,"type":"binary-expr","locations":[{"start":{"line":303,"column":43},"end":{"line":303,"column":75},"skip":true},{"start":{"line":303,"column":79},"end":{"line":303,"column":81},"skip":true}]},"25":{"line":306,"type":"if","locations":[{"start":{"line":306,"column":8},"end":{"line":306,"column":8},"skip":true},{"start":{"line":306,"column":8},"end":{"line":306,"column":8},"skip":true}]},"26":{"line":310,"type":"if","locations":[{"start":{"line":310,"column":8},"end":{"line":310,"column":8},"skip":true},{"start":{"line":310,"column":8},"end":{"line":310,"column":8},"skip":true}]},"27":{"line":313,"type":"binary-expr","locations":[{"start":{"line":313,"column":27},"end":{"line":313,"column":43},"skip":true},{"start":{"line":313,"column":47},"end":{"line":313,"column":53},"skip":true}]},"28":{"line":317,"type":"if","locations":[{"start":{"line":317,"column":12},"end":{"line":317,"column":12},"skip":true},{"start":{"line":317,"column":12},"end":{"line":317,"column":12},"skip":true}]}},"code":["/*","example.js","","quickstart example","","instruction","    1. save this script as example.js","    2. run the shell command:","        $ npm install npmtest-rsvg && PORT=8081 node example.js","    3. play with the browser-demo on http://127.0.0.1:8081","*/","","","","/* istanbul instrument in package npmtest_rsvg */","/*jslint","    bitwise: true,","    browser: true,","    maxerr: 8,","    maxlen: 96,","    node: true,","    nomen: true,","    regexp: true,","    stupid: true","*/","(function () {","    'use strict';","    var local;","","","","    // run shared js-env code - pre-init","    (function () {","        // init local","        local = {};","        // init modeJs","        local.modeJs = (function () {","            try {","                return typeof navigator.userAgent === 'string' &&","                    typeof document.querySelector('body') === 'object' &&","                    typeof XMLHttpRequest.prototype.open === 'function' &&","                    'browser';","            } catch (errorCaughtBrowser) {","                return module.exports &&","                    typeof process.versions.node === 'string' &&","                    typeof require('http').createServer === 'function' &&","                    'node';","            }","        }());","        // init global","        local.global = local.modeJs === 'browser'","            ? window","            : global;","        // init utility2_rollup","        local = local.global.utility2_rollup || (local.modeJs === 'browser'","            ? local.global.utility2_npmtest_rsvg","            : global.utility2_moduleExports);","        // export local","        local.global.local = local;","    }());","    switch (local.modeJs) {","","","","    // post-init","    // run browser js-env code - post-init","    /* istanbul ignore next */","    case 'browser':","        local.testRunBrowser = function (event) {","            if (!event || (event &&","                    event.currentTarget &&","                    event.currentTarget.className &&","                    event.currentTarget.className.includes &&","                    event.currentTarget.className.includes('onreset'))) {","                // reset output","                Array.from(","                    document.querySelectorAll('body > .resettable')","                ).forEach(function (element) {","                    switch (element.tagName) {","                    case 'INPUT':","                    case 'TEXTAREA':","                        element.value = '';","                        break;","                    default:","                        element.textContent = '';","                    }","                });","            }","            switch (event && event.currentTarget && event.currentTarget.id) {","            case 'testRunButton1':","                // show tests","                if (document.querySelector('#testReportDiv1').style.display === 'none') {","                    document.querySelector('#testReportDiv1').style.display = 'block';","                    document.querySelector('#testRunButton1').textContent =","                        'hide internal test';","                    local.modeTest = true;","                    local.testRunDefault(local);","                // hide tests","                } else {","                    document.querySelector('#testReportDiv1').style.display = 'none';","                    document.querySelector('#testRunButton1').textContent = 'run internal test';","                }","                break;","            // custom-case","            default:","                break;","            }","            if (document.querySelector('#inputTextareaEval1') && (!event || (event &&","                    event.currentTarget &&","                    event.currentTarget.className &&","                    event.currentTarget.className.includes &&","                    event.currentTarget.className.includes('oneval')))) {","                // try to eval input-code","                try {","                    /*jslint evil: true*/","                    eval(document.querySelector('#inputTextareaEval1').value);","                } catch (errorCaught) {","                    console.error(errorCaught);","                }","            }","        };","        // log stderr and stdout to #outputTextareaStdout1","        ['error', 'log'].forEach(function (key) {","            console[key + '_original'] = console[key];","            console[key] = function () {","                var element;","                console[key + '_original'].apply(console, arguments);","                element = document.querySelector('#outputTextareaStdout1');","                if (!element) {","                    return;","                }","                // append text to #outputTextareaStdout1","                element.value += Array.from(arguments).map(function (arg) {","                    return typeof arg === 'string'","                        ? arg","                        : JSON.stringify(arg, null, 4);","                }).join(' ') + '\\n';","                // scroll textarea to bottom","                element.scrollTop = element.scrollHeight;","            };","        });","        // init event-handling","        ['change', 'click', 'keyup'].forEach(function (event) {","            Array.from(document.querySelectorAll('.on' + event)).forEach(function (element) {","                element.addEventListener(event, local.testRunBrowser);","            });","        });","        // run tests","        local.testRunBrowser();","        break;","","","","    // run node js-env code - post-init","    /* istanbul ignore next */","    case 'node':","        // export local","        module.exports = local;","        // require modules","        local.fs = require('fs');","        local.http = require('http');","        local.url = require('url');","        // init assets","        local.assetsDict = local.assetsDict || {};","        /* jslint-ignore-begin */","        local.assetsDict['/assets.index.template.html'] = '\\","<!doctype html>\\n\\","<html lang=\"en\">\\n\\","<head>\\n\\","<meta charset=\"UTF-8\">\\n\\","<meta name=\"viewport\" content=\"width=device-width, initial-scale=1\">\\n\\","<title>{{env.npm_package_name}} (v{{env.npm_package_version}})</title>\\n\\","<style>\\n\\","/*csslint\\n\\","    box-sizing: false,\\n\\","    universal-selector: false\\n\\","*/\\n\\","* {\\n\\","    box-sizing: border-box;\\n\\","}\\n\\","body {\\n\\","    background: #dde;\\n\\","    font-family: Arial, Helvetica, sans-serif;\\n\\","    margin: 2rem;\\n\\","}\\n\\","body > * {\\n\\","    margin-bottom: 1rem;\\n\\","}\\n\\",".utility2FooterDiv {\\n\\","    margin-top: 20px;\\n\\","    text-align: center;\\n\\","}\\n\\","</style>\\n\\","<style>\\n\\","/*csslint\\n\\","*/\\n\\","textarea {\\n\\","    font-family: monospace;\\n\\","    height: 10rem;\\n\\","    width: 100%;\\n\\","}\\n\\","textarea[readonly] {\\n\\","    background: #ddd;\\n\\","}\\n\\","</style>\\n\\","</head>\\n\\","<body>\\n\\","<!-- utility2-comment\\n\\","<div id=\"ajaxProgressDiv1\" style=\"background: #d00; height: 2px; left: 0; margin: 0; padding: 0; position: fixed; top: 0; transition: background 0.5s, width 1.5s; width: 25%;\"></div>\\n\\","utility2-comment -->\\n\\","<h1>\\n\\","<!-- utility2-comment\\n\\","    <a\\n\\","        {{#if env.npm_package_homepage}}\\n\\","        href=\"{{env.npm_package_homepage}}\"\\n\\","        {{/if env.npm_package_homepage}}\\n\\","        target=\"_blank\"\\n\\","    >\\n\\","utility2-comment -->\\n\\","        {{env.npm_package_name}} (v{{env.npm_package_version}})\\n\\","<!-- utility2-comment\\n\\","    </a>\\n\\","utility2-comment -->\\n\\","</h1>\\n\\","<h3>{{env.npm_package_description}}</h3>\\n\\","<!-- utility2-comment\\n\\","<h4><a download href=\"assets.app.js\">download standalone app</a></h4>\\n\\","<button class=\"onclick onreset\" id=\"testRunButton1\">run internal test</button><br>\\n\\","<div id=\"testReportDiv1\" style=\"display: none;\"></div>\\n\\","utility2-comment -->\\n\\","\\n\\","\\n\\","\\n\\","<label>stderr and stdout</label>\\n\\","<textarea class=\"resettable\" id=\"outputTextareaStdout1\" readonly></textarea>\\n\\","<!-- utility2-comment\\n\\","{{#if isRollup}}\\n\\","<script src=\"assets.app.js\"></script>\\n\\","{{#unless isRollup}}\\n\\","utility2-comment -->\\n\\","<script src=\"assets.utility2.rollup.js\"></script>\\n\\","<script src=\"jsonp.utility2._stateInit?callback=window.utility2._stateInit\"></script>\\n\\","<script src=\"assets.npmtest_rsvg.rollup.js\"></script>\\n\\","<script src=\"assets.example.js\"></script>\\n\\","<script src=\"assets.test.js\"></script>\\n\\","<!-- utility2-comment\\n\\","{{/if isRollup}}\\n\\","utility2-comment -->\\n\\","<div class=\"utility2FooterDiv\">\\n\\","    [ this app was created with\\n\\","    <a href=\"https://github.com/kaizhu256/node-utility2\" target=\"_blank\">utility2</a>\\n\\","    ]\\n\\","</div>\\n\\","</body>\\n\\","</html>\\n\\","';","        /* jslint-ignore-end */","        if (local.templateRender) {","            local.assetsDict['/'] = local.templateRender(","                local.assetsDict['/assets.index.template.html'],","                {","                    env: local.objectSetDefault(local.env, {","                        npm_package_description: 'the greatest app in the world!',","                        npm_package_name: 'my-app',","                        npm_package_nameAlias: 'my_app',","                        npm_package_version: '0.0.1'","                    })","                }","            );","        } else {","            local.assetsDict['/'] = local.assetsDict['/assets.index.template.html']","                .replace((/\\{\\{env\\.(\\w+?)\\}\\}/g), function (match0, match1) {","                    // jslint-hack","                    String(match0);","                    switch (match1) {","                    case 'npm_package_description':","                        return 'the greatest app in the world!';","                    case 'npm_package_name':","                        return 'my-app';","                    case 'npm_package_nameAlias':","                        return 'my_app';","                    case 'npm_package_version':","                        return '0.0.1';","                    }","                });","        }","        // run the cli","        if (local.global.utility2_rollup || module !== require.main) {","            break;","        }","        local.assetsDict['/assets.example.js'] =","            local.assetsDict['/assets.example.js'] ||","            local.fs.readFileSync(__filename, 'utf8');","        // bug-workaround - long $npm_package_buildCustomOrg","        /* jslint-ignore-begin */","        local.assetsDict['/assets.npmtest_rsvg.rollup.js'] =","            local.assetsDict['/assets.npmtest_rsvg.rollup.js'] ||","            local.fs.readFileSync(","                local.npmtest_rsvg.__dirname + '/lib.npmtest_rsvg.js',","                'utf8'","            ).replace((/^#!/), '//');","        /* jslint-ignore-end */","        local.assetsDict['/favicon.ico'] = local.assetsDict['/favicon.ico'] || '';","        // if $npm_config_timeout_exit exists,","        // then exit this process after $npm_config_timeout_exit ms","        if (Number(process.env.npm_config_timeout_exit)) {","            setTimeout(process.exit, Number(process.env.npm_config_timeout_exit));","        }","        // start server","        if (local.global.utility2_serverHttp1) {","            break;","        }","        process.env.PORT = process.env.PORT || '8081';","        console.error('server starting on port ' + process.env.PORT);","        local.http.createServer(function (request, response) {","            request.urlParsed = local.url.parse(request.url);","            if (local.assetsDict[request.urlParsed.pathname] !== undefined) {","                response.end(local.assetsDict[request.urlParsed.pathname]);","                return;","            }","            response.statusCode = 404;","            response.end();","        }).listen(process.env.PORT);","        break;","    }","}());",""],"l":{"26":2,"28":2,"33":2,"35":2,"37":2,"38":2,"39":2,"44":1,"51":2,"55":2,"59":2,"61":2,"69":1,"70":2,"76":2,"79":2,"82":2,"83":2,"85":1,"89":2,"92":1,"93":1,"94":1,"96":1,"97":1,"100":1,"101":1,"103":1,"106":1,"108":2,"114":1,"116":1,"118":1,"123":1,"124":2,"125":2,"126":3,"127":3,"128":3,"129":3,"130":1,"133":3,"134":3,"139":3,"143":1,"144":3,"145":1,"149":1,"150":1,"158":1,"160":1,"161":1,"162":1,"164":1,"166":1,"258":1,"259":1,"271":1,"274":6,"275":6,"277":1,"279":2,"281":1,"283":2,"288":1,"289":1,"291":1,"296":1,"303":1,"306":1,"307":1,"310":1,"311":1,"313":1,"314":1,"315":1,"316":1,"317":1,"318":1,"319":1,"321":1,"322":1,"324":1}},"/home/travis/build/npmtest/node-npmtest-rsvg/node_modules/rsvg/index.js":{"path":"/home/travis/build/npmtest/node-npmtest-rsvg/node_modules/rsvg/index.js","s":{"1":4,"2":0,"3":0,"4":1,"5":0,"6":0,"7":0,"8":0,"9":0,"10":0,"11":0,"12":0,"13":0,"14":0,"15":0,"16":0,"17":0,"18":0,"19":0,"20":0,"21":0,"22":0,"23":0,"24":0,"25":0,"26":0,"27":0,"28":0,"29":0,"30":0,"31":0,"32":0,"33":0,"34":0,"35":0,"36":0,"37":0,"38":0,"39":0,"40":0,"41":0,"42":0,"43":0,"44":0,"45":0,"46":0,"47":0,"48":0,"49":0,"50":0,"51":0,"52":0,"53":0,"54":0,"55":0,"56":0,"57":0,"58":0,"59":0,"60":0,"61":0,"62":0,"63":0,"64":0,"65":0,"66":0,"67":0,"68":0,"69":0,"70":0,"71":0,"72":0,"73":0,"74":0,"75":0,"76":0,"77":0,"78":0,"79":0,"80":0,"81":0,"82":0,"83":0,"84":0,"85":0,"86":0,"87":0,"88":0,"89":0,"90":0,"91":0,"92":0,"93":0,"94":0,"95":0,"96":0,"97":0},"b":{"1":[0,0],"2":[0,0],"3":[0,0],"4":[0,0],"5":[0,0],"6":[0,0],"7":[0,0],"8":[0,0],"9":[0,0],"10":[0,0],"11":[0,0],"12":[0,0]},"f":{"1":0,"2":0,"3":0,"4":0,"5":0,"6":0,"7":0,"8":0,"9":0,"10":0,"11":0,"12":0,"13":0,"14":0,"15":0,"16":0,"17":0,"18":0,"19":0,"20":0,"21":0,"22":0,"23":0,"24":0},"fnMap":{"1":{"name":"Rsvg","line":24,"loc":{"start":{"line":24,"column":0},"end":{"line":24,"column":22}}},"2":{"name":"(anonymous_2)","line":54,"loc":{"start":{"line":54,"column":19},"end":{"line":54,"column":30}}},"3":{"name":"(anonymous_3)","line":61,"loc":{"start":{"line":61,"column":19},"end":{"line":61,"column":30}}},"4":{"name":"(anonymous_4)","line":89,"loc":{"start":{"line":89,"column":6},"end":{"line":89,"column":17}}},"5":{"name":"(anonymous_5)","line":92,"loc":{"start":{"line":92,"column":6},"end":{"line":92,"column":20}}},"6":{"name":"(anonymous_6)","line":108,"loc":{"start":{"line":108,"column":21},"end":{"line":108,"column":32}}},"7":{"name":"(anonymous_7)","line":111,"loc":{"start":{"line":111,"column":21},"end":{"line":111,"column":35}}},"8":{"name":"(anonymous_8)","line":127,"loc":{"start":{"line":127,"column":21},"end":{"line":127,"column":32}}},"9":{"name":"(anonymous_9)","line":130,"loc":{"start":{"line":130,"column":21},"end":{"line":130,"column":35}}},"10":{"name":"(anonymous_10)","line":146,"loc":{"start":{"line":146,"column":6},"end":{"line":146,"column":17}}},"11":{"name":"(anonymous_11)","line":162,"loc":{"start":{"line":162,"column":6},"end":{"line":162,"column":17}}},"12":{"name":"(anonymous_12)","line":172,"loc":{"start":{"line":172,"column":24},"end":{"line":172,"column":59}}},"13":{"name":"(anonymous_13)","line":190,"loc":{"start":{"line":190,"column":39},"end":{"line":190,"column":50}}},"14":{"name":"(anonymous_14)","line":204,"loc":{"start":{"line":204,"column":39},"end":{"line":204,"column":54}}},"15":{"name":"(anonymous_15)","line":215,"loc":{"start":{"line":215,"column":28},"end":{"line":215,"column":41}}},"16":{"name":"(anonymous_16)","line":225,"loc":{"start":{"line":225,"column":28},"end":{"line":225,"column":41}}},"17":{"name":"(anonymous_17)","line":235,"loc":{"start":{"line":235,"column":26},"end":{"line":235,"column":37}}},"18":{"name":"(anonymous_18)","line":263,"loc":{"start":{"line":263,"column":24},"end":{"line":263,"column":42}}},"19":{"name":"(anonymous_19)","line":282,"loc":{"start":{"line":282,"column":44},"end":{"line":282,"column":80}}},"20":{"name":"(anonymous_20)","line":301,"loc":{"start":{"line":301,"column":42},"end":{"line":301,"column":70}}},"21":{"name":"(anonymous_21)","line":319,"loc":{"start":{"line":319,"column":42},"end":{"line":319,"column":70}}},"22":{"name":"(anonymous_22)","line":337,"loc":{"start":{"line":337,"column":42},"end":{"line":337,"column":70}}},"23":{"name":"(anonymous_23)","line":358,"loc":{"start":{"line":358,"column":42},"end":{"line":358,"column":70}}},"24":{"name":"(anonymous_24)","line":371,"loc":{"start":{"line":371,"column":26},"end":{"line":371,"column":37}}}},"statementMap":{"1":{"start":{"line":3,"column":0},"end":{"line":3,"column":46}},"2":{"start":{"line":4,"column":0},"end":{"line":4,"column":42}},"3":{"start":{"line":5,"column":0},"end":{"line":5,"column":27}},"4":{"start":{"line":24,"column":0},"end":{"line":74,"column":1}},"5":{"start":{"line":25,"column":1},"end":{"line":25,"column":17}},"6":{"start":{"line":28,"column":1},"end":{"line":28,"column":13}},"7":{"start":{"line":29,"column":1},"end":{"line":41,"column":2}},"8":{"start":{"line":30,"column":2},"end":{"line":30,"column":15}},"9":{"start":{"line":31,"column":8},"end":{"line":41,"column":2}},"10":{"start":{"line":32,"column":2},"end":{"line":32,"column":30}},"11":{"start":{"line":33,"column":2},"end":{"line":33,"column":15}},"12":{"start":{"line":34,"column":8},"end":{"line":41,"column":2}},"13":{"start":{"line":35,"column":2},"end":{"line":35,"column":15}},"14":{"start":{"line":36,"column":8},"end":{"line":41,"column":2}},"15":{"start":{"line":37,"column":2},"end":{"line":37,"column":19}},"16":{"start":{"line":38,"column":2},"end":{"line":38,"column":16}},"17":{"start":{"line":40,"column":2},"end":{"line":40,"column":50}},"18":{"start":{"line":44,"column":1},"end":{"line":44,"column":30}},"19":{"start":{"line":47,"column":1},"end":{"line":51,"column":2}},"20":{"start":{"line":48,"column":2},"end":{"line":48,"column":41}},"21":{"start":{"line":50,"column":2},"end":{"line":50,"column":57}},"22":{"start":{"line":53,"column":1},"end":{"line":57,"column":2}},"23":{"start":{"line":54,"column":2},"end":{"line":56,"column":5}},"24":{"start":{"line":55,"column":3},"end":{"line":55,"column":21}},"25":{"start":{"line":61,"column":1},"end":{"line":73,"column":4}},"26":{"start":{"line":62,"column":2},"end":{"line":70,"column":3}},"27":{"start":{"line":63,"column":3},"end":{"line":63,"column":23}},"28":{"start":{"line":65,"column":3},"end":{"line":68,"column":4}},"29":{"start":{"line":66,"column":4},"end":{"line":66,"column":42}},"30":{"start":{"line":67,"column":4},"end":{"line":67,"column":74}},"31":{"start":{"line":69,"column":3},"end":{"line":69,"column":10}},"32":{"start":{"line":72,"column":2},"end":{"line":72,"column":20}},"33":{"start":{"line":77,"column":0},"end":{"line":77,"column":30}},"34":{"start":{"line":83,"column":0},"end":{"line":83,"column":30}},"35":{"start":{"line":86,"column":0},"end":{"line":95,"column":3}},"36":{"start":{"line":90,"column":2},"end":{"line":90,"column":34}},"37":{"start":{"line":93,"column":2},"end":{"line":93,"column":30}},"38":{"start":{"line":102,"column":0},"end":{"line":102,"column":25}},"39":{"start":{"line":105,"column":0},"end":{"line":114,"column":3}},"40":{"start":{"line":109,"column":2},"end":{"line":109,"column":31}},"41":{"start":{"line":112,"column":2},"end":{"line":112,"column":27}},"42":{"start":{"line":121,"column":0},"end":{"line":121,"column":25}},"43":{"start":{"line":124,"column":0},"end":{"line":133,"column":3}},"44":{"start":{"line":128,"column":2},"end":{"line":128,"column":31}},"45":{"start":{"line":131,"column":2},"end":{"line":131,"column":27}},"46":{"start":{"line":140,"column":0},"end":{"line":140,"column":25}},"47":{"start":{"line":143,"column":0},"end":{"line":149,"column":3}},"48":{"start":{"line":147,"column":2},"end":{"line":147,"column":32}},"49":{"start":{"line":156,"column":0},"end":{"line":156,"column":26}},"50":{"start":{"line":159,"column":0},"end":{"line":165,"column":3}},"51":{"start":{"line":163,"column":2},"end":{"line":163,"column":33}},"52":{"start":{"line":172,"column":0},"end":{"line":182,"column":2}},"53":{"start":{"line":173,"column":1},"end":{"line":179,"column":2}},"54":{"start":{"line":174,"column":2},"end":{"line":174,"column":26}},"55":{"start":{"line":176,"column":2},"end":{"line":176,"column":40}},"56":{"start":{"line":177,"column":2},"end":{"line":177,"column":62}},"57":{"start":{"line":178,"column":2},"end":{"line":178,"column":9}},"58":{"start":{"line":181,"column":1},"end":{"line":181,"column":12}},"59":{"start":{"line":190,"column":0},"end":{"line":192,"column":52}},"60":{"start":{"line":191,"column":1},"end":{"line":191,"column":29}},"61":{"start":{"line":204,"column":0},"end":{"line":206,"column":52}},"62":{"start":{"line":205,"column":1},"end":{"line":205,"column":26}},"63":{"start":{"line":215,"column":0},"end":{"line":217,"column":2}},"64":{"start":{"line":216,"column":1},"end":{"line":216,"column":35}},"65":{"start":{"line":225,"column":0},"end":{"line":227,"column":2}},"66":{"start":{"line":226,"column":1},"end":{"line":226,"column":35}},"67":{"start":{"line":235,"column":0},"end":{"line":242,"column":2}},"68":{"start":{"line":236,"column":1},"end":{"line":236,"column":35}},"69":{"start":{"line":237,"column":1},"end":{"line":237,"column":32}},"70":{"start":{"line":238,"column":1},"end":{"line":238,"column":32}},"71":{"start":{"line":239,"column":1},"end":{"line":239,"column":40}},"72":{"start":{"line":240,"column":1},"end":{"line":240,"column":42}},"73":{"start":{"line":241,"column":1},"end":{"line":241,"column":13}},"74":{"start":{"line":263,"column":0},"end":{"line":276,"column":2}},"75":{"start":{"line":264,"column":1},"end":{"line":266,"column":2}},"76":{"start":{"line":265,"column":2},"end":{"line":265,"column":49}},"77":{"start":{"line":268,"column":1},"end":{"line":268,"column":25}},"78":{"start":{"line":270,"column":1},"end":{"line":275,"column":3}},"79":{"start":{"line":282,"column":0},"end":{"line":284,"column":74}},"80":{"start":{"line":283,"column":1},"end":{"line":283,"column":84}},"81":{"start":{"line":301,"column":0},"end":{"line":308,"column":64}},"82":{"start":{"line":302,"column":1},"end":{"line":307,"column":4}},"83":{"start":{"line":319,"column":0},"end":{"line":326,"column":64}},"84":{"start":{"line":320,"column":1},"end":{"line":325,"column":4}},"85":{"start":{"line":337,"column":0},"end":{"line":344,"column":64}},"86":{"start":{"line":338,"column":1},"end":{"line":343,"column":4}},"87":{"start":{"line":358,"column":0},"end":{"line":365,"column":64}},"88":{"start":{"line":359,"column":1},"end":{"line":364,"column":4}},"89":{"start":{"line":371,"column":0},"end":{"line":383,"column":2}},"90":{"start":{"line":372,"column":1},"end":{"line":372,"column":14}},"91":{"start":{"line":374,"column":1},"end":{"line":374,"column":28}},"92":{"start":{"line":375,"column":1},"end":{"line":377,"column":2}},"93":{"start":{"line":376,"column":2},"end":{"line":376,"column":24}},"94":{"start":{"line":379,"column":1},"end":{"line":379,"column":24}},"95":{"start":{"line":380,"column":1},"end":{"line":380,"column":26}},"96":{"start":{"line":382,"column":1},"end":{"line":382,"column":73}},"97":{"start":{"line":386,"column":0},"end":{"line":386,"column":20}}},"branchMap":{"1":{"line":29,"type":"if","locations":[{"start":{"line":29,"column":1},"end":{"line":29,"column":1}},{"start":{"line":29,"column":1},"end":{"line":29,"column":1}}]},"2":{"line":31,"type":"if","locations":[{"start":{"line":31,"column":8},"end":{"line":31,"column":8}},{"start":{"line":31,"column":8},"end":{"line":31,"column":8}}]},"3":{"line":34,"type":"if","locations":[{"start":{"line":34,"column":8},"end":{"line":34,"column":8}},{"start":{"line":34,"column":8},"end":{"line":34,"column":8}}]},"4":{"line":34,"type":"binary-expr","locations":[{"start":{"line":34,"column":12},"end":{"line":34,"column":32}},{"start":{"line":34,"column":36},"end":{"line":34,"column":51}}]},"5":{"line":36,"type":"if","locations":[{"start":{"line":36,"column":8},"end":{"line":36,"column":8}},{"start":{"line":36,"column":8},"end":{"line":36,"column":8}}]},"6":{"line":53,"type":"if","locations":[{"start":{"line":53,"column":1},"end":{"line":53,"column":1}},{"start":{"line":53,"column":1},"end":{"line":53,"column":1}}]},"7":{"line":65,"type":"if","locations":[{"start":{"line":65,"column":3},"end":{"line":65,"column":3}},{"start":{"line":65,"column":3},"end":{"line":65,"column":3}}]},"8":{"line":264,"type":"if","locations":[{"start":{"line":264,"column":1},"end":{"line":264,"column":1}},{"start":{"line":264,"column":1},"end":{"line":264,"column":1}}]},"9":{"line":264,"type":"binary-expr","locations":[{"start":{"line":264,"column":5},"end":{"line":264,"column":25}},{"start":{"line":264,"column":29},"end":{"line":264,"column":57}}]},"10":{"line":268,"type":"binary-expr","locations":[{"start":{"line":268,"column":11},"end":{"line":268,"column":18}},{"start":{"line":268,"column":22},"end":{"line":268,"column":24}}]},"11":{"line":283,"type":"cond-expr","locations":[{"start":{"line":283,"column":51},"end":{"line":283,"column":71}},{"start":{"line":283,"column":74},"end":{"line":283,"column":78}}]},"12":{"line":375,"type":"if","locations":[{"start":{"line":375,"column":1},"end":{"line":375,"column":1}},{"start":{"line":375,"column":1},"end":{"line":375,"column":1}}]}},"code":["'use strict';","","var binding = require('./build/Release/rsvg');","var Writable = require('stream').Writable;","var util = require('util');","","/**"," * Represents one SVG file to be rendered. You can optionally pass the SVG file"," * directly as an argument (Buffer or string) to the constructor. Otherwise the"," * object is a writable stream and you can pipe a file into it. Optionally you"," * can initialize the writable stream with specific options if you pass an"," * object."," *"," * @see [LibRSVG Default Constructor]{@link"," * https://developer.gnome.org/rsvg/2.40/RsvgHandle.html#rsvg-handle-new}"," * @see [LibRSVG Constructor From Data]{@link"," * https://developer.gnome.org/rsvg/2.40/RsvgHandle.html#rsvg-handle-new-from-data}"," * @see [Writable Stream Constructor]{@link"," * http://nodejs.org/api/stream.html#stream_new_stream_writable_options}"," *"," * @constructor"," * @param {(Buffer|string|Object)} [buffer] - SVG file."," */","function Rsvg(buffer) {","\tvar self = this;","","\t// Create proper options for the writable stream super constructor.","\tvar options;","\tif (Buffer.isBuffer(buffer)) {","\t\toptions = {};","\t} else if (typeof(buffer) === 'string') {","\t\tbuffer = new Buffer(buffer);","\t\toptions = {};","\t} else if (buffer === undefined || buffer === null) {","\t\toptions = {};","\t} else if (typeof(buffer) === 'object') {","\t\toptions = buffer;","\t\tbuffer = null;","\t} else {","\t\tthrow new TypeError('Invalid argument: buffer');","\t}","","\t// Inheritance pattern: Invoke super constructor.","\tWritable.call(self, options);","","\t// Create new instance of binding.","\ttry {","\t\tself.handle = new binding.Rsvg(buffer);","\t} catch (error) {","\t\tthrow new Error('Rsvg load failure: ' + error.message);","\t}","","\tif (buffer) {","\t\tprocess.nextTick(function() {","\t\t\tself.emit('load');","\t\t});","\t}","","\t// When finished piping into this object, we need to tell the binding that by","\t// invoking the `close()` method.","\tself.on('finish', function() {","\t\ttry {","\t\t\tself.handle.close();","\t\t} catch (error) {","\t\t\tif (error.message !== self.lastErrorMessage) {","\t\t\t\tself.lastErrorMessage = error.message;","\t\t\t\tself.emit('error', new Error('Rsvg close failure: ' + error.message));","\t\t\t}","\t\t\treturn;","\t\t}","","\t\tself.emit('load');","\t});","}","","// Inherit from writable stream.","util.inherits(Rsvg, Writable);","","/**"," * Base URI."," * @member {string}"," */","Rsvg.prototype.baseURI = null;","","// Define getter/setter for `baseURI` property.","Object.defineProperty(Rsvg.prototype, 'baseURI', {","\tconfigurable: true,","\tenumerable: true,","\tget: function() {","\t\treturn this.handle.getBaseURI();","\t},","\tset: function(uri) {","\t\tthis.handle.setBaseURI(uri);","\t}","});","","/**"," * Horizontal resolution. Allowed values: >= 0."," * @deprecated since version 2.0"," * @member {number}"," */","Rsvg.prototype.dpiX = 90;","","// Define getter/setter for deprecated `dpiX` property.","Object.defineProperty(Rsvg.prototype, 'dpiX', {","\tconfigurable: true,","\tenumerable: true,","\tget: util.deprecate(function() {","\t\treturn this.handle.getDPIX();","\t}, 'Rsvg#dpiX: DPI does not affect rendering.'),","\tset: util.deprecate(function(dpi) {","\t\tthis.handle.setDPIX(dpi);","\t}, 'Rsvg#dpiX: DPI does not affect rendering.')","});","","/**"," * Vertical resolution. Allowed values: >= 0."," * @deprecated since version 2.0"," * @member {number}"," */","Rsvg.prototype.dpiY = 90;","","// Define getter/setter for deprecated `dpiY` property.","Object.defineProperty(Rsvg.prototype, 'dpiY', {","\tconfigurable: true,","\tenumerable: true,","\tget: util.deprecate(function() {","\t\treturn this.handle.getDPIY();","\t}, 'Rsvg#dpiY: DPI does not affect rendering.'),","\tset: util.deprecate(function(dpi) {","\t\tthis.handle.setDPIY(dpi);","\t}, 'Rsvg#dpiY: DPI does not affect rendering.')","});","","/**"," * Image width. Always integer."," * @readonly"," * @member {number}"," */","Rsvg.prototype.width = 0;","","// Define getter for `width` property.","Object.defineProperty(Rsvg.prototype, 'width', {","\tconfigurable: true,","\tenumerable: true,","\tget: function() {","\t\treturn this.handle.getWidth();","\t}","});","","/**"," * Image height. Always integer."," * @readonly"," * @member {number}"," */","Rsvg.prototype.height = 0;","","// Define getter for `height` property.","Object.defineProperty(Rsvg.prototype, 'height', {","\tconfigurable: true,","\tenumerable: true,","\tget: function() {","\t\treturn this.handle.getHeight();","\t}","});","","/**"," * @see [Node.JS API]{@link"," * http://nodejs.org/api/stream.html#stream_writable_write_chunk_encoding_callback_1}"," * @private"," */","Rsvg.prototype._write = function(data, encoding, callback) {","\ttry {","\t\tthis.handle.write(data);","\t} catch (error) {","\t\tthis.lastErrorMessage = error.message;","\t\tcallback(new Error('Rsvg write failure: ' + error.message));","\t\treturn;","\t}","","\tcallback();","};","","/**"," * Get the DPI for the outgoing pixbuf."," *"," * @deprecated since version 2.0"," * @returns {{x: number, y: number}}"," */","Rsvg.prototype.getDPI = util.deprecate(function() {","\treturn this.handle.getDPI();","}, 'Rsvg#getDPI(): DPI does not affect rendering.');","","/**"," * Set the DPI for the outgoing pixbuf. Common values are 75, 90, and 300 DPI."," * Passing null to x or y will reset the DPI to whatever the default value"," * happens to be (usually 90). You can set both x and y by specifying only the"," * first argument."," *"," * @deprecated since version 2.0"," * @param {number} x - Horizontal resolution."," * @param {number} [y] - Vertical resolution. Set to the same as X if left out."," */","Rsvg.prototype.setDPI = util.deprecate(function(x, y) {","\tthis.handle.setDPI(x, y);","}, 'Rsvg#setDPI(): DPI does not affect rendering.');","","/**"," * Get the SVG's size or the size/position of a subelement if id is given. The"," * id must begin with \"#\"."," *"," * @param {string} [id] - Subelement to determine the size and position of."," * @returns {{width: number, height: number, x: number, y: number}}"," */","Rsvg.prototype.dimensions = function(id) {","\treturn this.handle.dimensions(id);","};","","/**"," * Checks whether the subelement with given id exists in the SVG document."," *"," * @param {string} id - Subelement to check existence of."," * @returns {boolean}"," */","Rsvg.prototype.hasElement = function(id) {","\treturn this.handle.hasElement(id);","};","","/**"," * Find the drawing area, ie. the smallest area that has image content in the"," * SVG document."," *"," * @returns {{width: number, height: number, x: number, y: number}}"," */","Rsvg.prototype.autocrop = function() {","\tvar area = this.handle.autocrop();","\tarea.x = area.x.toFixed(3) * 1;","\tarea.y = area.y.toFixed(3) * 1;","\tarea.width = area.width.toFixed(3) * 1;","\tarea.height = area.height.toFixed(3) * 1;","\treturn area;","};","","/**"," * Base render method. Valid high-level formats are: png, pdf, svg, raw. You"," * can also specify the pixel structure of raw images: argb32 (default), rgb24,"," * a8, a1, rgb16_565, and rgb30 (only enabled for Cairo >= 1.12). You can read"," * more about the low-level pixel formats in the [Cairo Documentation]{@link"," * http://cairographics.org/manual/cairo-Image-Surfaces.html#cairo-format-t}."," *"," * If the element property is given, only that subelement is rendered."," *"," * The PNG format is the slowest of them all, since it takes time to encode the"," * image as a PNG buffer."," *"," * @param {Object} [options] - Rendering options."," * @param {string} [options.format] - One of the formats listed above."," * @param {number} [options.width] - Output image width, should be an integer."," * @param {number} [options.height] - Output image height, should be an integer."," * @param {string} [options.id] - Subelement to render."," * @returns {{data: Buffer, format: string, width: number, height: number}}"," */","Rsvg.prototype.render = function(options) {","\tif (arguments.length > 1 || typeof(options) !== 'object') {","\t\treturn this._renderArgs.apply(this, arguments);","\t}","","\toptions = options || {};","","\treturn this.handle.render(","\t\toptions.width,","\t\toptions.height,","\t\toptions.format,","\t\toptions.id","\t);","};","","/**"," * @deprecated since version 2.0"," * @private"," */","Rsvg.prototype._renderArgs = util.deprecate(function(width, height, format, id) {","\treturn this.handle.render(width, height, format ? format.toLowerCase() : null, id);","}, 'Rsvg#render(): Call render({ format, width, height, ... }) instead.');","","/**"," * Render the SVG as a raw memory buffer image. This can be used to create an"," * image that is imported into other image libraries. This render method is"," * usually very fast."," *"," * The pixel format is ARGB and each pixel is 4 bytes, ie. the buffer size is"," * width*height*4. There are no memory \"spaces\" between rows in the image, like"," * there can be when calling the base render method with pixel formats like A8."," *"," * @deprecated since version 2.0"," * @param {number} width - Output image width, should be an integer."," * @param {number} height - Output image height, should be an integer."," * @param {string} [id] - Subelement to render."," * @returns {{data: Buffer, format: string, pixelFormat: string, width: number, height: number}}"," */","Rsvg.prototype.renderRaw = util.deprecate(function(width, height, id) {","\treturn this.render({","\t\tformat: 'raw',","\t\twidth: width,","\t\theight: height,","\t\telement: id","\t});","}, 'Rsvg#renderRaw(): Call render({ format: \"raw\" }) instead.');","","/**"," * Render the SVG as a PNG image."," *"," * @deprecated since version 2.0"," * @param {number} width - Output image width, should be an integer."," * @param {number} height - Output image height, should be an integer."," * @param {string} [id] - Subelement to render."," * @returns {{data: Buffer, format: string, width: number, height: number}}"," */","Rsvg.prototype.renderPNG = util.deprecate(function(width, height, id) {","\treturn this.render({","\t\tformat: 'png',","\t\twidth: width,","\t\theight: height,","\t\telement: id","\t});","}, 'Rsvg#renderPNG(): Call render({ format: \"png\" }) instead.');","","/**"," * Render the SVG as a PDF document."," *"," * @deprecated since version 2.0"," * @param {number} width - Output document width, should be an integer."," * @param {number} height - Output document height, should be an integer."," * @param {string} [id] - Subelement to render."," * @returns {{data: Buffer, format: string, width: number, height: number}}"," */","Rsvg.prototype.renderPDF = util.deprecate(function(width, height, id) {","\treturn this.render({","\t\tformat: 'pdf',","\t\twidth: width,","\t\theight: height,","\t\telement: id","\t});","}, 'Rsvg#renderPDF(): Call render({ format: \"pdf\" }) instead.');","","/**"," * Render the SVG as an SVG. This seems superfluous, but it can be used to"," * normalize the input SVG. However you can not be sure that the resulting SVG"," * file is smaller than the input. It's not a SVG compression engine. You can"," * be sure that the output SVG follows a more stringent structure."," *"," * @deprecated since version 2.0"," * @param {number} width - Output document width, should be an integer."," * @param {number} height - Output document height, should be an integer."," * @param {string} [id] - Subelement to render."," * @returns {{data: string, format: string, width: number, height: number}}"," */","Rsvg.prototype.renderSVG = util.deprecate(function(width, height, id) {","\treturn this.render({","\t\tformat: 'svg',","\t\twidth: width,","\t\theight: height,","\t\telement: id","\t});","}, 'Rsvg#renderSVG(): Call render({ format: \"svg\" }) instead.');","","/**"," * String representation of this SVG render object."," * @returns {string}"," */","Rsvg.prototype.toString = function() {","\tvar obj = {};","","\tvar baseURI = this.baseURI;","\tif (baseURI) {","\t\tobj.baseURI = baseURI;","\t}","","\tobj.width = this.width;","\tobj.height = this.height;","","\treturn '{ [' + this.constructor.name + ']' + util.inspect(obj).slice(1);","};","","// Export the Rsvg object.","exports.Rsvg = Rsvg;",""],"l":{"3":4,"4":0,"5":0,"24":1,"25":0,"28":0,"29":0,"30":0,"31":0,"32":0,"33":0,"34":0,"35":0,"36":0,"37":0,"38":0,"40":0,"44":0,"47":0,"48":0,"50":0,"53":0,"54":0,"55":0,"61":0,"62":0,"63":0,"65":0,"66":0,"67":0,"69":0,"72":0,"77":0,"83":0,"86":0,"90":0,"93":0,"102":0,"105":0,"109":0,"112":0,"121":0,"124":0,"128":0,"131":0,"140":0,"143":0,"147":0,"156":0,"159":0,"163":0,"172":0,"173":0,"174":0,"176":0,"177":0,"178":0,"181":0,"190":0,"191":0,"204":0,"205":0,"215":0,"216":0,"225":0,"226":0,"235":0,"236":0,"237":0,"238":0,"239":0,"240":0,"241":0,"263":0,"264":0,"265":0,"268":0,"270":0,"282":0,"283":0,"301":0,"302":0,"319":0,"320":0,"337":0,"338":0,"358":0,"359":0,"371":0,"372":0,"374":0,"375":0,"376":0,"379":0,"380":0,"382":0,"386":0}},"/home/travis/build/npmtest/node-npmtest-rsvg/node_modules/rsvg/Gruntfile.js":{"path":"/home/travis/build/npmtest/node-npmtest-rsvg/node_modules/rsvg/Gruntfile.js","s":{"1":1,"2":0,"3":0,"4":0,"5":0,"6":0},"b":{},"f":{"1":0},"fnMap":{"1":{"name":"(anonymous_1)","line":4,"loc":{"start":{"line":4,"column":17},"end":{"line":4,"column":33}}}},"statementMap":{"1":{"start":{"line":4,"column":0},"end":{"line":48,"column":2}},"2":{"start":{"line":7,"column":1},"end":{"line":38,"column":4}},"3":{"start":{"line":41,"column":1},"end":{"line":41,"column":44}},"4":{"start":{"line":42,"column":1},"end":{"line":42,"column":40}},"5":{"start":{"line":45,"column":1},"end":{"line":45,"column":43}},"6":{"start":{"line":46,"column":1},"end":{"line":46,"column":53}}},"branchMap":{},"code":["","'use strict';","","module.exports = function(grunt) {","","\t// Project configuration.","\tgrunt.initConfig({","\t\tpkg: grunt.file.readJSON('package.json'),","","\t\tjshint: {","\t\t\toptions: {","\t\t\t\tjshintrc: true","\t\t\t},","\t\t\tgruntfile: {","\t\t\t\tsrc: 'Gruntfile.js',","\t\t\t},","\t\t\tlib: {","\t\t\t\tsrc: ['index.js']","\t\t\t},","\t\t\ttests: {","\t\t\t\tsrc: ['test/**/*.js']","\t\t\t}","\t\t},","","\t\tmochaTest: {","\t\t\ttest: {","\t\t\t\toptions: {","\t\t\t\t\tglobals: ['should'],","\t\t\t\t\ttimeout: 3000,","\t\t\t\t\tui: 'bdd',","\t\t\t\t\treporter: 'spec',","\t\t\t\t\tcolors: true,","\t\t\t\t\trequire: ['test/helpers/chai']","\t\t\t\t},","\t\t\t\tsrc: ['test/**/*.test.js']","\t\t\t}","\t\t}","\t});","","\t// Tasks.","\tgrunt.loadNpmTasks('grunt-contrib-jshint');","\tgrunt.loadNpmTasks('grunt-mocha-test');","","\t// Default task.","\tgrunt.registerTask('default', ['jshint']);","\tgrunt.registerTask('test', ['jshint', 'mochaTest']);","","};",""],"l":{"4":1,"7":0,"41":0,"42":0,"45":0,"46":0}}}